<?xml version="1.0" encoding="UTF-8"?>
<testng-results ignored="0" total="2" passed="2" failed="0" skipped="0">
  <reporter-output>
  </reporter-output>
  <suite started-at="2020-10-19T21:42:10 IST" name="Default suite" finished-at="2020-10-19T21:43:58 IST" duration-ms="107238">
    <groups>
    </groups>
    <test started-at="2020-10-19T21:42:10 IST" name="Default test" finished-at="2020-10-19T21:43:58 IST" duration-ms="107238">
      <class name="com.training.sanity.tests.LoginTests">
        <test-method is-config="true" signature="setUpBeforeClass()[pri:0, instance:com.training.sanity.tests.LoginTests@49dc7102]" started-at="2020-10-19T21:42:10 IST" name="setUpBeforeClass" finished-at="2020-10-19T21:42:28 IST" duration-ms="18012" status="PASS">
          <reporter-output>
          </reporter-output>
        </test-method> <!-- setUpBeforeClass -->
        <test-method signature="validLoginTest()[pri:0, instance:com.training.sanity.tests.LoginTests@49dc7102]" started-at="2020-10-19T21:42:28 IST" name="validLoginTest" finished-at="2020-10-19T21:43:52 IST" duration-ms="83226" status="PASS">
          <reporter-output>
          </reporter-output>
        </test-method> <!-- validLoginTest -->
        <test-method signature="logoutTest()[pri:1, instance:com.training.sanity.tests.LoginTests@49dc7102]" started-at="2020-10-19T21:43:52 IST" name="logoutTest" finished-at="2020-10-19T21:43:56 IST" duration-ms="4224" status="PASS">
          <reporter-output>
          </reporter-output>
        </test-method> <!-- logoutTest -->
        <test-method is-config="true" signature="tearDown()[pri:0, instance:com.training.sanity.tests.LoginTests@49dc7102]" started-at="2020-10-19T21:43:56 IST" name="tearDown" finished-at="2020-10-19T21:43:58 IST" duration-ms="1722" status="PASS">
          <reporter-output>
          </reporter-output>
        </test-method> <!-- tearDown -->
      </class> <!-- com.training.sanity.tests.LoginTests -->
    </test> <!-- Default test -->
  </suite> <!-- Default suite -->
</testng-results>
